<?xml version="1.0" encoding="UTF-8"?>
<!-- Generated by org.testng.reporters.JUnitXMLReporter -->
<testsuite ignored="0" hostname="LAPTOP-05F35INE" failures="0" tests="1" name="Validating title in the Page" time="0.022" errors="0" timestamp="18 Feb 2021 13:17:23 GMT">
  <testcase classname="Academy.validateTitle" name="@BeforeTest initialize" time="0.001">
    <failure type="java.io.FileNotFoundException" message="C:\Users\rahul\E2EProject\src\main\java\resources\data.properties (The system cannot find the path specified)">
      <![CDATA[java.io.FileNotFoundException: C:\Users\rahul\E2EProject\src\main\java\resources\data.properties (The system cannot find the path specified)
at java.base/java.io.FileInputStream.open0(Native Method)
at java.base/java.io.FileInputStream.open(FileInputStream.java:219)
at java.base/java.io.FileInputStream.<init>(FileInputStream.java:157)
at java.base/java.io.FileInputStream.<init>(FileInputStream.java:112)
at resources.base.initializeDriver(base.java:23)
at Academy.validateTitle.initialize(validateTitle.java:30)
... Removed 24 stack frames]]>
    </failure>
  </testcase> <!-- @BeforeTest initialize -->
  <testcase classname="Academy.validateTitle" name="@AfterTest teardown" time="0.0">
    <skipped/>
  </testcase> <!-- @AfterTest teardown -->
  <testcase classname="Academy.validateTitle" name="validateAppTitle" time="0.0">
    <skipped/>
  </testcase> <!-- validateAppTitle -->
</testsuite> <!-- Validating title in the Page -->
